<?xml version="1.0" encoding="UTF-8"?>
<!-- Generated by org.testng.reporters.JUnitReportReporter -->
<testsuite hostname="DESKTOP-I1NF19H" failures="0" tests="1" name="com.git.test.Testcase1Test" time="0.024" errors="0" timestamp="2024-02-13T15:10:39 IST" skipped="0">
  <testcase classname="com.git.test.Testcase1Test" name="git" time="0.024"/>
  <system-out>
    <![CDATA[tc1 passed]]>
  </system-out>
</testsuite> <!-- com.git.test.Testcase1Test -->
